{"C:\\Users\\gab_l\\UNI WORK\\SESSION AUTOMNE 2022\\Web\\TP\\tp3-2054294_2141469_2151584\\site-web\\src\\assets\\js\\consts.js": {"path":"C:\\Users\\gab_l\\UNI WORK\\SESSION AUTOMNE 2022\\Web\\TP\\tp3-2054294_2141469_2151584\\site-web\\src\\assets\\js\\consts.js","statementMap":{"0":{"start":{"line":1,"column":25},"end":{"line":1,"column":26}},"1":{"start":{"line":2,"column":28},"end":{"line":2,"column":31}},"2":{"start":{"line":4,"column":25},"end":{"line":13,"column":1}}},"fnMap":{},"branchMap":{},"s":{"0":2,"1":2,"2":2},"f":{},"b":{},"_coverageSchema":"1a1c01bbd47fc00a2c39e90264f33305004495a9","hash":"0945c743ad2e915eb9d0b20540ad5ba9635dd99f"}
,"C:\\Users\\gab_l\\UNI WORK\\SESSION AUTOMNE 2022\\Web\\TP\\tp3-2054294_2141469_2151584\\site-web\\src\\assets\\js\\library.js": {"path":"C:\\Users\\gab_l\\UNI WORK\\SESSION AUTOMNE 2022\\Web\\TP\\tp3-2054294_2141469_2151584\\site-web\\src\\assets\\js\\library.js","statementMap":{"0":{"start":{"line":5,"column":4},"end":{"line":5,"column":41}},"1":{"start":{"line":9,"column":30},"end":{"line":9,"column":75}},"2":{"start":{"line":10,"column":4},"end":{"line":10,"column":37}},"3":{"start":{"line":11,"column":4},"end":{"line":14,"column":7}},"4":{"start":{"line":12,"column":30},"end":{"line":12,"column":62}},"5":{"start":{"line":13,"column":6},"end":{"line":13,"column":53}},"6":{"start":{"line":16,"column":30},"end":{"line":16,"column":71}},"7":{"start":{"line":17,"column":4},"end":{"line":17,"column":37}},"8":{"start":{"line":18,"column":4},"end":{"line":21,"column":7}},"9":{"start":{"line":19,"column":26},"end":{"line":19,"column":50}},"10":{"start":{"line":20,"column":6},"end":{"line":20,"column":49}},"11":{"start":{"line":25,"column":25},"end":{"line":25,"column":52}},"12":{"start":{"line":26,"column":4},"end":{"line":26,"column":60}},"13":{"start":{"line":27,"column":4},"end":{"line":27,"column":63}},"14":{"start":{"line":29,"column":21},"end":{"line":29,"column":50}},"15":{"start":{"line":30,"column":4},"end":{"line":30,"column":47}},"16":{"start":{"line":31,"column":4},"end":{"line":31,"column":39}},"17":{"start":{"line":33,"column":26},"end":{"line":33,"column":55}},"18":{"start":{"line":34,"column":4},"end":{"line":34,"column":43}},"19":{"start":{"line":35,"column":4},"end":{"line":35,"column":40}},"20":{"start":{"line":37,"column":17},"end":{"line":37,"column":44}},"21":{"start":{"line":38,"column":4},"end":{"line":38,"column":31}},"22":{"start":{"line":39,"column":4},"end":{"line":39,"column":89}},"23":{"start":{"line":41,"column":25},"end":{"line":41,"column":52}},"24":{"start":{"line":42,"column":4},"end":{"line":42,"column":45}},"25":{"start":{"line":43,"column":4},"end":{"line":43,"column":43}},"26":{"start":{"line":45,"column":32},"end":{"line":45,"column":59}},"27":{"start":{"line":46,"column":4},"end":{"line":46,"column":59}},"28":{"start":{"line":47,"column":4},"end":{"line":47,"column":50}},"29":{"start":{"line":49,"column":4},"end":{"line":49,"column":24}},"30":{"start":{"line":52,"column":18},"end":{"line":79,"column":3}},"31":{"start":{"line":53,"column":21},"end":{"line":53,"column":50}},"32":{"start":{"line":54,"column":4},"end":{"line":54,"column":52}},"33":{"start":{"line":56,"column":21},"end":{"line":56,"column":48}},"34":{"start":{"line":57,"column":4},"end":{"line":57,"column":37}},"35":{"start":{"line":58,"column":4},"end":{"line":58,"column":35}},"36":{"start":{"line":60,"column":22},"end":{"line":60,"column":49}},"37":{"start":{"line":61,"column":4},"end":{"line":61,"column":39}},"38":{"start":{"line":62,"column":4},"end":{"line":62,"column":36}},"39":{"start":{"line":64,"column":23},"end":{"line":64,"column":50}},"40":{"start":{"line":65,"column":4},"end":{"line":65,"column":41}},"41":{"start":{"line":66,"column":4},"end":{"line":66,"column":37}},"42":{"start":{"line":68,"column":24},"end":{"line":68,"column":56}},"43":{"start":{"line":69,"column":4},"end":{"line":69,"column":85}},"44":{"start":{"line":71,"column":4},"end":{"line":75,"column":7}},"45":{"start":{"line":72,"column":6},"end":{"line":72,"column":104}},"46":{"start":{"line":73,"column":6},"end":{"line":73,"column":31}},"47":{"start":{"line":74,"column":6},"end":{"line":74,"column":83}},"48":{"start":{"line":76,"column":4},"end":{"line":76,"column":38}},"49":{"start":{"line":78,"column":4},"end":{"line":78,"column":20}},"50":{"start":{"line":82,"column":4},"end":{"line":82,"column":38}},"51":{"start":{"line":83,"column":22},"end":{"line":83,"column":92}},"52":{"start":{"line":84,"column":18},"end":{"line":84,"column":84}},"53":{"start":{"line":85,"column":4},"end":{"line":85,"column":41}},"54":{"start":{"line":87,"column":25},"end":{"line":87,"column":62}},"55":{"start":{"line":88,"column":4},"end":{"line":95,"column":7}},"56":{"start":{"line":89,"column":6},"end":{"line":89,"column":29}},"57":{"start":{"line":90,"column":6},"end":{"line":94,"column":8}},"58":{"start":{"line":99,"column":19},"end":{"line":99,"column":77}},"59":{"start":{"line":100,"column":19},"end":{"line":100,"column":67}},"60":{"start":{"line":101,"column":4},"end":{"line":101,"column":35}},"61":{"start":{"line":105,"column":4},"end":{"line":109,"column":5}},"62":{"start":{"line":106,"column":6},"end":{"line":108,"column":7}},"63":{"start":{"line":107,"column":8},"end":{"line":107,"column":20}},"64":{"start":{"line":110,"column":4},"end":{"line":110,"column":17}},"65":{"start":{"line":114,"column":22},"end":{"line":114,"column":24}},"66":{"start":{"line":115,"column":18},"end":{"line":115,"column":20}},"67":{"start":{"line":116,"column":4},"end":{"line":120,"column":7}},"68":{"start":{"line":117,"column":6},"end":{"line":119,"column":7}},"69":{"start":{"line":118,"column":8},"end":{"line":118,"column":33}},"70":{"start":{"line":121,"column":4},"end":{"line":125,"column":7}},"71":{"start":{"line":122,"column":6},"end":{"line":124,"column":7}},"72":{"start":{"line":123,"column":8},"end":{"line":123,"column":25}},"73":{"start":{"line":126,"column":4},"end":{"line":126,"column":41}},"74":{"start":{"line":130,"column":0},"end":{"line":132,"column":2}},"75":{"start":{"line":131,"column":2},"end":{"line":131,"column":43}}},"fnMap":{"0":{"name":"(anonymous_0)","decl":{"start":{"line":4,"column":2},"end":{"line":4,"column":3}},"loc":{"start":{"line":4,"column":31},"end":{"line":6,"column":3}},"line":4},"1":{"name":"(anonymous_1)","decl":{"start":{"line":8,"column":2},"end":{"line":8,"column":3}},"loc":{"start":{"line":8,"column":35},"end":{"line":22,"column":3}},"line":8},"2":{"name":"(anonymous_2)","decl":{"start":{"line":11,"column":22},"end":{"line":11,"column":23}},"loc":{"start":{"line":11,"column":36},"end":{"line":14,"column":5}},"line":11},"3":{"name":"(anonymous_3)","decl":{"start":{"line":18,"column":18},"end":{"line":18,"column":19}},"loc":{"start":{"line":18,"column":28},"end":{"line":21,"column":5}},"line":18},"4":{"name":"(anonymous_4)","decl":{"start":{"line":24,"column":2},"end":{"line":24,"column":3}},"loc":{"start":{"line":24,"column":31},"end":{"line":50,"column":3}},"line":24},"5":{"name":"(anonymous_5)","decl":{"start":{"line":52,"column":18},"end":{"line":52,"column":19}},"loc":{"start":{"line":52,"column":34},"end":{"line":79,"column":3}},"line":52},"6":{"name":"(anonymous_6)","decl":{"start":{"line":71,"column":42},"end":{"line":71,"column":43}},"loc":{"start":{"line":71,"column":48},"end":{"line":75,"column":5}},"line":71},"7":{"name":"(anonymous_7)","decl":{"start":{"line":81,"column":2},"end":{"line":81,"column":3}},"loc":{"start":{"line":81,"column":10},"end":{"line":96,"column":3}},"line":81},"8":{"name":"(anonymous_8)","decl":{"start":{"line":88,"column":43},"end":{"line":88,"column":44}},"loc":{"start":{"line":88,"column":54},"end":{"line":95,"column":5}},"line":88},"9":{"name":"(anonymous_9)","decl":{"start":{"line":98,"column":2},"end":{"line":98,"column":3}},"loc":{"start":{"line":98,"column":60},"end":{"line":102,"column":3}},"line":98},"10":{"name":"(anonymous_10)","decl":{"start":{"line":104,"column":2},"end":{"line":104,"column":3}},"loc":{"start":{"line":104,"column":57},"end":{"line":111,"column":3}},"line":104},"11":{"name":"(anonymous_11)","decl":{"start":{"line":113,"column":2},"end":{"line":113,"column":3}},"loc":{"start":{"line":113,"column":50},"end":{"line":127,"column":3}},"line":113},"12":{"name":"(anonymous_12)","decl":{"start":{"line":116,"column":36},"end":{"line":116,"column":37}},"loc":{"start":{"line":116,"column":50},"end":{"line":120,"column":5}},"line":116},"13":{"name":"(anonymous_13)","decl":{"start":{"line":121,"column":32},"end":{"line":121,"column":33}},"loc":{"start":{"line":121,"column":42},"end":{"line":125,"column":5}},"line":121},"14":{"name":"(anonymous_14)","decl":{"start":{"line":130,"column":16},"end":{"line":130,"column":17}},"loc":{"start":{"line":130,"column":22},"end":{"line":132,"column":1}},"line":130}},"branchMap":{"0":{"loc":{"start":{"line":69,"column":51},"end":{"line":69,"column":83}},"type":"cond-expr","locations":[{"start":{"line":69,"column":64},"end":{"line":69,"column":68}},{"start":{"line":69,"column":71},"end":{"line":69,"column":83}}],"line":69},"1":{"loc":{"start":{"line":72,"column":36},"end":{"line":72,"column":68}},"type":"cond-expr","locations":[{"start":{"line":72,"column":49},"end":{"line":72,"column":53}},{"start":{"line":72,"column":56},"end":{"line":72,"column":68}}],"line":72},"2":{"loc":{"start":{"line":72,"column":70},"end":{"line":72,"column":102}},"type":"cond-expr","locations":[{"start":{"line":72,"column":83},"end":{"line":72,"column":95}},{"start":{"line":72,"column":98},"end":{"line":72,"column":102}}],"line":72},"3":{"loc":{"start":{"line":99,"column":19},"end":{"line":99,"column":77}},"type":"cond-expr","locations":[{"start":{"line":99,"column":32},"end":{"line":99,"column":46}},{"start":{"line":99,"column":49},"end":{"line":99,"column":77}}],"line":99},"4":{"loc":{"start":{"line":100,"column":19},"end":{"line":100,"column":67}},"type":"cond-expr","locations":[{"start":{"line":100,"column":32},"end":{"line":100,"column":41}},{"start":{"line":100,"column":44},"end":{"line":100,"column":67}}],"line":100},"5":{"loc":{"start":{"line":106,"column":6},"end":{"line":108,"column":7}},"type":"if","locations":[{"start":{"line":106,"column":6},"end":{"line":108,"column":7}},{"start":{},"end":{}}],"line":106},"6":{"loc":{"start":{"line":117,"column":6},"end":{"line":119,"column":7}},"type":"if","locations":[{"start":{"line":117,"column":6},"end":{"line":119,"column":7}},{"start":{},"end":{}}],"line":117},"7":{"loc":{"start":{"line":122,"column":6},"end":{"line":124,"column":7}},"type":"if","locations":[{"start":{"line":122,"column":6},"end":{"line":124,"column":7}},{"start":{},"end":{}}],"line":122}},"s":{"0":18,"1":4,"2":4,"3":4,"4":6,"5":6,"6":4,"7":4,"8":4,"9":10,"10":10,"11":4,"12":4,"13":4,"14":4,"15":4,"16":4,"17":4,"18":4,"19":4,"20":4,"21":4,"22":4,"23":4,"24":4,"25":4,"26":4,"27":4,"28":4,"29":4,"30":18,"31":7,"32":7,"33":7,"34":7,"35":7,"36":7,"37":7,"38":7,"39":7,"40":7,"41":7,"42":7,"43":7,"44":7,"45":2,"46":2,"47":2,"48":7,"49":7,"50":4,"51":4,"52":4,"53":4,"54":4,"55":4,"56":2,"57":2,"58":9,"59":9,"60":9,"61":3,"62":6,"63":2,"64":1,"65":3,"66":3,"67":3,"68":6,"69":4,"70":3,"71":3,"72":2,"73":3,"74":1,"75":0},"f":{"0":18,"1":4,"2":6,"3":10,"4":4,"5":7,"6":2,"7":4,"8":2,"9":9,"10":3,"11":3,"12":6,"13":3,"14":0},"b":{"0":[2,5],"1":[1,1],"2":[1,1],"3":[2,7],"4":[2,7],"5":[2,4],"6":[4,2],"7":[2,1]},"_coverageSchema":"1a1c01bbd47fc00a2c39e90264f33305004495a9","hash":"e61d408e1e5063ecc1ef457d510a7b285008a0ea"}
,"C:\\Users\\gab_l\\UNI WORK\\SESSION AUTOMNE 2022\\Web\\TP\\tp3-2054294_2141469_2151584\\site-web\\src\\assets\\js\\player.js": {"path":"C:\\Users\\gab_l\\UNI WORK\\SESSION AUTOMNE 2022\\Web\\TP\\tp3-2054294_2141469_2151584\\site-web\\src\\assets\\js\\player.js","statementMap":{"0":{"start":{"line":4,"column":4},"end":{"line":4,"column":29}},"1":{"start":{"line":5,"column":4},"end":{"line":5,"column":26}},"2":{"start":{"line":6,"column":4},"end":{"line":6,"column":30}},"3":{"start":{"line":7,"column":4},"end":{"line":7,"column":25}},"4":{"start":{"line":11,"column":4},"end":{"line":11,"column":43}},"5":{"start":{"line":12,"column":4},"end":{"line":12,"column":49}},"6":{"start":{"line":16,"column":4},"end":{"line":18,"column":5}},"7":{"start":{"line":17,"column":6},"end":{"line":17,"column":32}},"8":{"start":{"line":19,"column":4},"end":{"line":19,"column":51}},"9":{"start":{"line":23,"column":4},"end":{"line":26,"column":5}},"10":{"start":{"line":24,"column":6},"end":{"line":24,"column":65}},"11":{"start":{"line":25,"column":6},"end":{"line":25,"column":13}},"12":{"start":{"line":27,"column":17},"end":{"line":27,"column":45}},"13":{"start":{"line":28,"column":4},"end":{"line":28,"column":22}},"14":{"start":{"line":29,"column":4},"end":{"line":29,"column":30}},"15":{"start":{"line":30,"column":4},"end":{"line":30,"column":22}},"16":{"start":{"line":34,"column":4},"end":{"line":36,"column":67}},"17":{"start":{"line":37,"column":4},"end":{"line":37,"column":38}},"18":{"start":{"line":41,"column":4},"end":{"line":43,"column":67}},"19":{"start":{"line":44,"column":4},"end":{"line":44,"column":38}},"20":{"start":{"line":48,"column":17},"end":{"line":48,"column":60}},"21":{"start":{"line":49,"column":4},"end":{"line":49,"column":34}},"22":{"start":{"line":53,"column":20},"end":{"line":53,"column":43}},"23":{"start":{"line":54,"column":4},"end":{"line":54,"column":40}},"24":{"start":{"line":55,"column":4},"end":{"line":55,"column":19}},"25":{"start":{"line":59,"column":4},"end":{"line":59,"column":33}},"26":{"start":{"line":60,"column":4},"end":{"line":60,"column":24}},"27":{"start":{"line":64,"column":20},"end":{"line":64,"column":50}},"28":{"start":{"line":65,"column":4},"end":{"line":65,"column":37}},"29":{"start":{"line":69,"column":4},"end":{"line":69,"column":51}}},"fnMap":{"0":{"name":"(anonymous_0)","decl":{"start":{"line":3,"column":2},"end":{"line":3,"column":3}},"loc":{"start":{"line":3,"column":17},"end":{"line":8,"column":3}},"line":3},"1":{"name":"(anonymous_1)","decl":{"start":{"line":10,"column":2},"end":{"line":10,"column":3}},"loc":{"start":{"line":10,"column":30},"end":{"line":13,"column":3}},"line":10},"2":{"name":"(anonymous_2)","decl":{"start":{"line":15,"column":2},"end":{"line":15,"column":3}},"loc":{"start":{"line":15,"column":27},"end":{"line":20,"column":3}},"line":15},"3":{"name":"(anonymous_3)","decl":{"start":{"line":22,"column":2},"end":{"line":22,"column":3}},"loc":{"start":{"line":22,"column":25},"end":{"line":31,"column":3}},"line":22},"4":{"name":"(anonymous_4)","decl":{"start":{"line":33,"column":2},"end":{"line":33,"column":3}},"loc":{"start":{"line":33,"column":22},"end":{"line":38,"column":3}},"line":33},"5":{"name":"(anonymous_5)","decl":{"start":{"line":40,"column":2},"end":{"line":40,"column":3}},"loc":{"start":{"line":40,"column":18},"end":{"line":45,"column":3}},"line":40},"6":{"name":"(anonymous_6)","decl":{"start":{"line":47,"column":2},"end":{"line":47,"column":3}},"loc":{"start":{"line":47,"column":28},"end":{"line":50,"column":3}},"line":47},"7":{"name":"(anonymous_7)","decl":{"start":{"line":52,"column":2},"end":{"line":52,"column":3}},"loc":{"start":{"line":52,"column":16},"end":{"line":56,"column":3}},"line":52},"8":{"name":"(anonymous_8)","decl":{"start":{"line":58,"column":2},"end":{"line":58,"column":3}},"loc":{"start":{"line":58,"column":19},"end":{"line":61,"column":3}},"line":58},"9":{"name":"(anonymous_9)","decl":{"start":{"line":63,"column":2},"end":{"line":63,"column":3}},"loc":{"start":{"line":63,"column":20},"end":{"line":66,"column":3}},"line":63},"10":{"name":"(anonymous_10)","decl":{"start":{"line":68,"column":2},"end":{"line":68,"column":3}},"loc":{"start":{"line":68,"column":21},"end":{"line":70,"column":3}},"line":68}},"branchMap":{"0":{"loc":{"start":{"line":16,"column":4},"end":{"line":18,"column":5}},"type":"if","locations":[{"start":{"line":16,"column":4},"end":{"line":18,"column":5}},{"start":{},"end":{}}],"line":16},"1":{"loc":{"start":{"line":16,"column":8},"end":{"line":16,"column":57}},"type":"binary-expr","locations":[{"start":{"line":16,"column":8},"end":{"line":16,"column":18}},{"start":{"line":16,"column":22},"end":{"line":16,"column":57}}],"line":16},"2":{"loc":{"start":{"line":22,"column":13},"end":{"line":22,"column":23}},"type":"default-arg","locations":[{"start":{"line":22,"column":21},"end":{"line":22,"column":23}}],"line":22},"3":{"loc":{"start":{"line":23,"column":4},"end":{"line":26,"column":5}},"type":"if","locations":[{"start":{"line":23,"column":4},"end":{"line":26,"column":5}},{"start":{},"end":{}}],"line":23},"4":{"loc":{"start":{"line":24,"column":6},"end":{"line":24,"column":64}},"type":"cond-expr","locations":[{"start":{"line":24,"column":26},"end":{"line":24,"column":43}},{"start":{"line":24,"column":46},"end":{"line":24,"column":64}}],"line":24},"5":{"loc":{"start":{"line":34,"column":24},"end":{"line":36,"column":66}},"type":"cond-expr","locations":[{"start":{"line":35,"column":8},"end":{"line":35,"column":46}},{"start":{"line":36,"column":8},"end":{"line":36,"column":66}}],"line":34},"6":{"loc":{"start":{"line":41,"column":24},"end":{"line":43,"column":66}},"type":"cond-expr","locations":[{"start":{"line":42,"column":8},"end":{"line":42,"column":46}},{"start":{"line":43,"column":8},"end":{"line":43,"column":66}}],"line":41},"7":{"loc":{"start":{"line":54,"column":24},"end":{"line":54,"column":39}},"type":"cond-expr","locations":[{"start":{"line":54,"column":34},"end":{"line":54,"column":35}},{"start":{"line":54,"column":38},"end":{"line":54,"column":39}}],"line":54}},"s":{"0":51,"1":51,"2":51,"3":51,"4":7,"5":7,"6":13,"7":7,"8":13,"9":12,"10":2,"11":2,"12":10,"13":10,"14":10,"15":10,"16":103,"17":103,"18":103,"19":103,"20":10,"21":10,"22":3,"23":3,"24":3,"25":1,"26":1,"27":10,"28":10,"29":5},"f":{"0":51,"1":7,"2":13,"3":12,"4":103,"5":103,"6":10,"7":3,"8":1,"9":10,"10":5},"b":{"0":[7,6],"1":[13,9],"2":[2],"3":[2,10],"4":[1,1],"5":[100,3],"6":[100,3],"7":[1,2]},"_coverageSchema":"1a1c01bbd47fc00a2c39e90264f33305004495a9","hash":"87a1b3770565c7ca51cb9e92685e07f88b06d01c"}
,"C:\\Users\\gab_l\\UNI WORK\\SESSION AUTOMNE 2022\\Web\\TP\\tp3-2054294_2141469_2151584\\site-web\\src\\assets\\js\\playlist.js": {"path":"C:\\Users\\gab_l\\UNI WORK\\SESSION AUTOMNE 2022\\Web\\TP\\tp3-2054294_2141469_2151584\\site-web\\src\\assets\\js\\playlist.js","statementMap":{"0":{"start":{"line":8,"column":4},"end":{"line":8,"column":25}},"1":{"start":{"line":9,"column":4},"end":{"line":9,"column":41}},"2":{"start":{"line":10,"column":4},"end":{"line":10,"column":31}},"3":{"start":{"line":14,"column":21},"end":{"line":17,"column":5}},"4":{"start":{"line":18,"column":4},"end":{"line":18,"column":26}},"5":{"start":{"line":18,"column":19},"end":{"line":18,"column":26}},"6":{"start":{"line":20,"column":4},"end":{"line":20,"column":69}},"7":{"start":{"line":21,"column":4},"end":{"line":21,"column":74}},"8":{"start":{"line":23,"column":18},"end":{"line":23,"column":84}},"9":{"start":{"line":24,"column":24},"end":{"line":26,"column":6}},"10":{"start":{"line":25,"column":6},"end":{"line":25,"column":58}},"11":{"start":{"line":25,"column":40},"end":{"line":25,"column":56}},"12":{"start":{"line":28,"column":26},"end":{"line":28,"column":67}},"13":{"start":{"line":29,"column":4},"end":{"line":29,"column":33}},"14":{"start":{"line":30,"column":4},"end":{"line":33,"column":7}},"15":{"start":{"line":31,"column":23},"end":{"line":31,"column":54}},"16":{"start":{"line":32,"column":6},"end":{"line":32,"column":42}},"17":{"start":{"line":35,"column":4},"end":{"line":35,"column":39}},"18":{"start":{"line":39,"column":21},"end":{"line":39,"column":50}},"19":{"start":{"line":40,"column":4},"end":{"line":40,"column":52}},"20":{"start":{"line":41,"column":4},"end":{"line":44,"column":7}},"21":{"start":{"line":42,"column":6},"end":{"line":42,"column":28}},"22":{"start":{"line":43,"column":6},"end":{"line":43,"column":32}},"23":{"start":{"line":46,"column":22},"end":{"line":46,"column":52}},"24":{"start":{"line":47,"column":4},"end":{"line":47,"column":38}},"25":{"start":{"line":48,"column":4},"end":{"line":48,"column":36}},"26":{"start":{"line":50,"column":21},"end":{"line":50,"column":48}},"27":{"start":{"line":51,"column":4},"end":{"line":51,"column":37}},"28":{"start":{"line":52,"column":4},"end":{"line":52,"column":35}},"29":{"start":{"line":54,"column":22},"end":{"line":54,"column":49}},"30":{"start":{"line":55,"column":4},"end":{"line":55,"column":39}},"31":{"start":{"line":56,"column":4},"end":{"line":56,"column":36}},"32":{"start":{"line":58,"column":23},"end":{"line":58,"column":50}},"33":{"start":{"line":59,"column":4},"end":{"line":59,"column":41}},"34":{"start":{"line":60,"column":4},"end":{"line":60,"column":37}},"35":{"start":{"line":62,"column":22},"end":{"line":62,"column":49}},"36":{"start":{"line":63,"column":4},"end":{"line":63,"column":36}},"37":{"start":{"line":64,"column":4},"end":{"line":66,"column":28}},"38":{"start":{"line":68,"column":4},"end":{"line":68,"column":20}},"39":{"start":{"line":72,"column":23},"end":{"line":72,"column":54}},"40":{"start":{"line":73,"column":4},"end":{"line":73,"column":33}},"41":{"start":{"line":74,"column":4},"end":{"line":74,"column":30}},"42":{"start":{"line":76,"column":4},"end":{"line":76,"column":80}},"43":{"start":{"line":77,"column":4},"end":{"line":79,"column":6}},"44":{"start":{"line":83,"column":4},"end":{"line":83,"column":35}},"45":{"start":{"line":84,"column":4},"end":{"line":84,"column":30}},"46":{"start":{"line":88,"column":4},"end":{"line":88,"column":31}},"47":{"start":{"line":89,"column":4},"end":{"line":89,"column":30}},"48":{"start":{"line":93,"column":30},"end":{"line":93,"column":68}},"49":{"start":{"line":94,"column":4},"end":{"line":94,"column":80}},"50":{"start":{"line":99,"column":6},"end":{"line":99,"column":72}},"51":{"start":{"line":100,"column":4},"end":{"line":100,"column":37}},"52":{"start":{"line":101,"column":4},"end":{"line":101,"column":79}},"53":{"start":{"line":102,"column":4},"end":{"line":104,"column":5}},"54":{"start":{"line":103,"column":6},"end":{"line":103,"column":75}},"55":{"start":{"line":108,"column":4},"end":{"line":108,"column":49}},"56":{"start":{"line":112,"column":24},"end":{"line":112,"column":55}},"57":{"start":{"line":113,"column":20},"end":{"line":113,"column":44}},"58":{"start":{"line":114,"column":4},"end":{"line":114,"column":77}},"59":{"start":{"line":115,"column":4},"end":{"line":115,"column":80}},"60":{"start":{"line":119,"column":20},"end":{"line":119,"column":47}},"61":{"start":{"line":120,"column":4},"end":{"line":121,"column":63}},"62":{"start":{"line":120,"column":17},"end":{"line":120,"column":68}},"63":{"start":{"line":121,"column":9},"end":{"line":121,"column":63}},"64":{"start":{"line":125,"column":4},"end":{"line":125,"column":33}},"65":{"start":{"line":129,"column":24},"end":{"line":129,"column":67}},"66":{"start":{"line":130,"column":21},"end":{"line":130,"column":56}},"67":{"start":{"line":131,"column":21},"end":{"line":131,"column":60}},"68":{"start":{"line":132,"column":4},"end":{"line":134,"column":7}},"69":{"start":{"line":133,"column":6},"end":{"line":133,"column":59}},"70":{"start":{"line":136,"column":4},"end":{"line":138,"column":7}},"71":{"start":{"line":137,"column":6},"end":{"line":137,"column":31}},"72":{"start":{"line":140,"column":4},"end":{"line":142,"column":7}},"73":{"start":{"line":141,"column":6},"end":{"line":141,"column":26}},"74":{"start":{"line":144,"column":23},"end":{"line":144,"column":54}},"75":{"start":{"line":145,"column":4},"end":{"line":147,"column":7}},"76":{"start":{"line":146,"column":6},"end":{"line":146,"column":23}},"77":{"start":{"line":149,"column":24},"end":{"line":149,"column":55}},"78":{"start":{"line":150,"column":4},"end":{"line":152,"column":7}},"79":{"start":{"line":151,"column":6},"end":{"line":151,"column":24}},"80":{"start":{"line":154,"column":21},"end":{"line":154,"column":56}},"81":{"start":{"line":155,"column":4},"end":{"line":157,"column":7}},"82":{"start":{"line":156,"column":6},"end":{"line":156,"column":30}},"83":{"start":{"line":159,"column":17},"end":{"line":159,"column":48}},"84":{"start":{"line":160,"column":4},"end":{"line":162,"column":7}},"85":{"start":{"line":161,"column":6},"end":{"line":161,"column":26}},"86":{"start":{"line":164,"column":26},"end":{"line":164,"column":60}},"87":{"start":{"line":165,"column":4},"end":{"line":167,"column":7}},"88":{"start":{"line":166,"column":6},"end":{"line":166,"column":40}},"89":{"start":{"line":171,"column":4},"end":{"line":171,"column":78}},"90":{"start":{"line":171,"column":51},"end":{"line":171,"column":76}},"91":{"start":{"line":172,"column":4},"end":{"line":172,"column":76}},"92":{"start":{"line":172,"column":48},"end":{"line":172,"column":74}},"93":{"start":{"line":173,"column":4},"end":{"line":173,"column":69}},"94":{"start":{"line":173,"column":51},"end":{"line":173,"column":67}},"95":{"start":{"line":174,"column":4},"end":{"line":174,"column":71}},"96":{"start":{"line":174,"column":50},"end":{"line":174,"column":69}},"97":{"start":{"line":175,"column":4},"end":{"line":175,"column":79}},"98":{"start":{"line":175,"column":54},"end":{"line":175,"column":77}},"99":{"start":{"line":176,"column":4},"end":{"line":176,"column":64}},"100":{"start":{"line":176,"column":45},"end":{"line":176,"column":62}},"101":{"start":{"line":178,"column":4},"end":{"line":182,"column":7}},"102":{"start":{"line":179,"column":6},"end":{"line":181,"column":7}},"103":{"start":{"line":180,"column":8},"end":{"line":180,"column":40}},"104":{"start":{"line":186,"column":4},"end":{"line":186,"column":38}},"105":{"start":{"line":187,"column":22},"end":{"line":187,"column":67}},"106":{"start":{"line":188,"column":23},"end":{"line":188,"column":42}},"107":{"start":{"line":189,"column":4},"end":{"line":189,"column":22}},"108":{"start":{"line":190,"column":4},"end":{"line":190,"column":25}},"109":{"start":{"line":191,"column":4},"end":{"line":191,"column":31}},"110":{"start":{"line":195,"column":0},"end":{"line":197,"column":2}},"111":{"start":{"line":196,"column":2},"end":{"line":196,"column":65}}},"fnMap":{"0":{"name":"(anonymous_0)","decl":{"start":{"line":7,"column":2},"end":{"line":7,"column":3}},"loc":{"start":{"line":7,"column":39},"end":{"line":11,"column":3}},"line":7},"1":{"name":"(anonymous_1)","decl":{"start":{"line":13,"column":2},"end":{"line":13,"column":3}},"loc":{"start":{"line":13,"column":25},"end":{"line":36,"column":3}},"line":13},"2":{"name":"(anonymous_2)","decl":{"start":{"line":24,"column":37},"end":{"line":24,"column":38}},"loc":{"start":{"line":24,"column":47},"end":{"line":26,"column":5}},"line":24},"3":{"name":"(anonymous_3)","decl":{"start":{"line":25,"column":33},"end":{"line":25,"column":34}},"loc":{"start":{"line":25,"column":40},"end":{"line":25,"column":56}},"line":25},"4":{"name":"(anonymous_4)","decl":{"start":{"line":30,"column":24},"end":{"line":30,"column":25}},"loc":{"start":{"line":30,"column":41},"end":{"line":33,"column":5}},"line":30},"5":{"name":"(anonymous_5)","decl":{"start":{"line":38,"column":2},"end":{"line":38,"column":3}},"loc":{"start":{"line":38,"column":30},"end":{"line":69,"column":3}},"line":38},"6":{"name":"(anonymous_6)","decl":{"start":{"line":41,"column":39},"end":{"line":41,"column":40}},"loc":{"start":{"line":41,"column":45},"end":{"line":44,"column":5}},"line":41},"7":{"name":"(anonymous_7)","decl":{"start":{"line":71,"column":2},"end":{"line":71,"column":3}},"loc":{"start":{"line":71,"column":20},"end":{"line":80,"column":3}},"line":71},"8":{"name":"(anonymous_8)","decl":{"start":{"line":82,"column":2},"end":{"line":82,"column":3}},"loc":{"start":{"line":82,"column":22},"end":{"line":85,"column":3}},"line":82},"9":{"name":"(anonymous_9)","decl":{"start":{"line":87,"column":2},"end":{"line":87,"column":3}},"loc":{"start":{"line":87,"column":18},"end":{"line":90,"column":3}},"line":87},"10":{"name":"(anonymous_10)","decl":{"start":{"line":92,"column":2},"end":{"line":92,"column":3}},"loc":{"start":{"line":92,"column":24},"end":{"line":95,"column":3}},"line":92},"11":{"name":"(anonymous_11)","decl":{"start":{"line":97,"column":2},"end":{"line":97,"column":3}},"loc":{"start":{"line":97,"column":72},"end":{"line":105,"column":3}},"line":97},"12":{"name":"(anonymous_12)","decl":{"start":{"line":107,"column":2},"end":{"line":107,"column":3}},"loc":{"start":{"line":107,"column":30},"end":{"line":109,"column":3}},"line":107},"13":{"name":"(anonymous_13)","decl":{"start":{"line":111,"column":2},"end":{"line":111,"column":3}},"loc":{"start":{"line":111,"column":16},"end":{"line":116,"column":3}},"line":111},"14":{"name":"(anonymous_14)","decl":{"start":{"line":118,"column":2},"end":{"line":118,"column":3}},"loc":{"start":{"line":118,"column":32},"end":{"line":122,"column":3}},"line":118},"15":{"name":"(anonymous_15)","decl":{"start":{"line":124,"column":2},"end":{"line":124,"column":3}},"loc":{"start":{"line":124,"column":20},"end":{"line":126,"column":3}},"line":124},"16":{"name":"(anonymous_16)","decl":{"start":{"line":128,"column":2},"end":{"line":128,"column":3}},"loc":{"start":{"line":128,"column":16},"end":{"line":168,"column":3}},"line":128},"17":{"name":"(anonymous_17)","decl":{"start":{"line":132,"column":53},"end":{"line":132,"column":54}},"loc":{"start":{"line":132,"column":59},"end":{"line":134,"column":5}},"line":132},"18":{"name":"(anonymous_18)","decl":{"start":{"line":136,"column":39},"end":{"line":136,"column":40}},"loc":{"start":{"line":136,"column":45},"end":{"line":138,"column":5}},"line":136},"19":{"name":"(anonymous_19)","decl":{"start":{"line":140,"column":48},"end":{"line":140,"column":49}},"loc":{"start":{"line":140,"column":54},"end":{"line":142,"column":5}},"line":140},"20":{"name":"(anonymous_20)","decl":{"start":{"line":145,"column":41},"end":{"line":145,"column":42}},"loc":{"start":{"line":145,"column":47},"end":{"line":147,"column":5}},"line":145},"21":{"name":"(anonymous_21)","decl":{"start":{"line":150,"column":42},"end":{"line":150,"column":43}},"loc":{"start":{"line":150,"column":48},"end":{"line":152,"column":5}},"line":150},"22":{"name":"(anonymous_22)","decl":{"start":{"line":155,"column":39},"end":{"line":155,"column":40}},"loc":{"start":{"line":155,"column":45},"end":{"line":157,"column":5}},"line":155},"23":{"name":"(anonymous_23)","decl":{"start":{"line":160,"column":35},"end":{"line":160,"column":36}},"loc":{"start":{"line":160,"column":41},"end":{"line":162,"column":5}},"line":160},"24":{"name":"(anonymous_24)","decl":{"start":{"line":165,"column":44},"end":{"line":165,"column":45}},"loc":{"start":{"line":165,"column":50},"end":{"line":167,"column":5}},"line":165},"25":{"name":"(anonymous_25)","decl":{"start":{"line":170,"column":2},"end":{"line":170,"column":3}},"loc":{"start":{"line":170,"column":19},"end":{"line":183,"column":3}},"line":170},"26":{"name":"(anonymous_26)","decl":{"start":{"line":171,"column":45},"end":{"line":171,"column":46}},"loc":{"start":{"line":171,"column":51},"end":{"line":171,"column":76}},"line":171},"27":{"name":"(anonymous_27)","decl":{"start":{"line":172,"column":42},"end":{"line":172,"column":43}},"loc":{"start":{"line":172,"column":48},"end":{"line":172,"column":74}},"line":172},"28":{"name":"(anonymous_28)","decl":{"start":{"line":173,"column":45},"end":{"line":173,"column":46}},"loc":{"start":{"line":173,"column":51},"end":{"line":173,"column":67}},"line":173},"29":{"name":"(anonymous_29)","decl":{"start":{"line":174,"column":44},"end":{"line":174,"column":45}},"loc":{"start":{"line":174,"column":50},"end":{"line":174,"column":69}},"line":174},"30":{"name":"(anonymous_30)","decl":{"start":{"line":175,"column":48},"end":{"line":175,"column":49}},"loc":{"start":{"line":175,"column":54},"end":{"line":175,"column":77}},"line":175},"31":{"name":"(anonymous_31)","decl":{"start":{"line":176,"column":39},"end":{"line":176,"column":40}},"loc":{"start":{"line":176,"column":45},"end":{"line":176,"column":62}},"line":176},"32":{"name":"(anonymous_32)","decl":{"start":{"line":178,"column":41},"end":{"line":178,"column":42}},"loc":{"start":{"line":178,"column":52},"end":{"line":182,"column":5}},"line":178},"33":{"name":"(anonymous_33)","decl":{"start":{"line":185,"column":2},"end":{"line":185,"column":3}},"loc":{"start":{"line":185,"column":10},"end":{"line":192,"column":3}},"line":185},"34":{"name":"(anonymous_34)","decl":{"start":{"line":195,"column":16},"end":{"line":195,"column":17}},"loc":{"start":{"line":195,"column":22},"end":{"line":197,"column":1}},"line":195}},"branchMap":{"0":{"loc":{"start":{"line":18,"column":4},"end":{"line":18,"column":26}},"type":"if","locations":[{"start":{"line":18,"column":4},"end":{"line":18,"column":26}},{"start":{},"end":{}}],"line":18},"1":{"loc":{"start":{"line":65,"column":6},"end":{"line":65,"column":38}},"type":"cond-expr","locations":[{"start":{"line":65,"column":19},"end":{"line":65,"column":23}},{"start":{"line":65,"column":26},"end":{"line":65,"column":38}}],"line":65},"2":{"loc":{"start":{"line":76,"column":29},"end":{"line":76,"column":78}},"type":"cond-expr","locations":[{"start":{"line":76,"column":56},"end":{"line":76,"column":65}},{"start":{"line":76,"column":68},"end":{"line":76,"column":78}}],"line":76},"3":{"loc":{"start":{"line":78,"column":6},"end":{"line":78,"column":55}},"type":"cond-expr","locations":[{"start":{"line":78,"column":33},"end":{"line":78,"column":43}},{"start":{"line":78,"column":46},"end":{"line":78,"column":55}}],"line":78},"4":{"loc":{"start":{"line":102,"column":4},"end":{"line":104,"column":5}},"type":"if","locations":[{"start":{"line":102,"column":4},"end":{"line":104,"column":5}},{"start":{},"end":{}}],"line":102},"5":{"loc":{"start":{"line":114,"column":30},"end":{"line":114,"column":75}},"type":"cond-expr","locations":[{"start":{"line":114,"column":40},"end":{"line":114,"column":56}},{"start":{"line":114,"column":59},"end":{"line":114,"column":75}}],"line":114},"6":{"loc":{"start":{"line":115,"column":33},"end":{"line":115,"column":78}},"type":"cond-expr","locations":[{"start":{"line":115,"column":43},"end":{"line":115,"column":59}},{"start":{"line":115,"column":62},"end":{"line":115,"column":78}}],"line":115},"7":{"loc":{"start":{"line":120,"column":4},"end":{"line":121,"column":63}},"type":"if","locations":[{"start":{"line":120,"column":4},"end":{"line":121,"column":63}},{"start":{"line":121,"column":9},"end":{"line":121,"column":63}}],"line":120},"8":{"loc":{"start":{"line":179,"column":6},"end":{"line":181,"column":7}},"type":"if","locations":[{"start":{"line":179,"column":6},"end":{"line":181,"column":7}},{"start":{},"end":{}}],"line":179}},"s":{"0":31,"1":31,"2":31,"3":3,"4":3,"5":2,"6":1,"7":1,"8":1,"9":1,"10":2,"11":3,"12":1,"13":1,"14":1,"15":2,"16":2,"17":1,"18":3,"19":3,"20":3,"21":1,"22":1,"23":3,"24":3,"25":3,"26":3,"27":3,"28":3,"29":3,"30":3,"31":3,"32":3,"33":3,"34":3,"35":3,"36":3,"37":3,"38":3,"39":3,"40":3,"41":3,"42":3,"43":3,"44":1,"45":1,"46":1,"47":1,"48":1,"49":1,"50":2,"51":2,"52":2,"53":2,"54":1,"55":1,"56":4,"57":4,"58":4,"59":4,"60":3,"61":3,"62":1,"63":2,"64":1,"65":7,"66":7,"67":7,"68":7,"69":1,"70":7,"71":1,"72":7,"73":1,"74":7,"75":7,"76":1,"77":7,"78":7,"79":1,"80":7,"81":7,"82":1,"83":7,"84":7,"85":1,"86":7,"87":7,"88":1,"89":3,"90":1,"91":3,"92":1,"93":3,"94":1,"95":3,"96":1,"97":3,"98":1,"99":3,"100":3,"101":3,"102":5,"103":3,"104":1,"105":1,"106":1,"107":1,"108":1,"109":1,"110":1,"111":0},"f":{"0":31,"1":3,"2":2,"3":3,"4":2,"5":3,"6":1,"7":3,"8":1,"9":1,"10":1,"11":2,"12":1,"13":4,"14":3,"15":1,"16":7,"17":1,"18":1,"19":1,"20":1,"21":1,"22":1,"23":1,"24":1,"25":3,"26":1,"27":1,"28":1,"29":1,"30":1,"31":3,"32":5,"33":1,"34":0},"b":{"0":[2,1],"1":[2,1],"2":[2,1],"3":[2,1],"4":[1,1],"5":[1,3],"6":[1,3],"7":[1,2],"8":[3,2]},"_coverageSchema":"1a1c01bbd47fc00a2c39e90264f33305004495a9","hash":"3b4df532238c580cafab382fdcc39f2e745d2d6e"}
,"C:\\Users\\gab_l\\UNI WORK\\SESSION AUTOMNE 2022\\Web\\TP\\tp3-2054294_2141469_2151584\\site-web\\src\\assets\\js\\playlist_editor.js": {"path":"C:\\Users\\gab_l\\UNI WORK\\SESSION AUTOMNE 2022\\Web\\TP\\tp3-2054294_2141469_2151584\\site-web\\src\\assets\\js\\playlist_editor.js","statementMap":{"0":{"start":{"line":6,"column":4},"end":{"line":6,"column":41}},"1":{"start":{"line":10,"column":4},"end":{"line":10,"column":28}},"2":{"start":{"line":11,"column":4},"end":{"line":15,"column":7}},"3":{"start":{"line":12,"column":21},"end":{"line":12,"column":53}},"4":{"start":{"line":13,"column":6},"end":{"line":13,"column":31}},"5":{"start":{"line":14,"column":6},"end":{"line":14,"column":35}},"6":{"start":{"line":19,"column":25},"end":{"line":19,"column":65}},"7":{"start":{"line":20,"column":4},"end":{"line":20,"column":58}},"8":{"start":{"line":24,"column":4},"end":{"line":24,"column":23}},"9":{"start":{"line":25,"column":26},"end":{"line":25,"column":62}},"10":{"start":{"line":26,"column":18},"end":{"line":26,"column":51}},"11":{"start":{"line":28,"column":27},"end":{"line":28,"column":56}},"12":{"start":{"line":29,"column":23},"end":{"line":29,"column":54}},"13":{"start":{"line":30,"column":4},"end":{"line":30,"column":42}},"14":{"start":{"line":31,"column":4},"end":{"line":31,"column":52}},"15":{"start":{"line":32,"column":4},"end":{"line":32,"column":43}},"16":{"start":{"line":34,"column":21},"end":{"line":34,"column":52}},"17":{"start":{"line":35,"column":4},"end":{"line":35,"column":29}},"18":{"start":{"line":36,"column":4},"end":{"line":36,"column":51}},"19":{"start":{"line":37,"column":4},"end":{"line":37,"column":49}},"20":{"start":{"line":38,"column":4},"end":{"line":38,"column":41}},"21":{"start":{"line":39,"column":4},"end":{"line":39,"column":41}},"22":{"start":{"line":41,"column":30},"end":{"line":41,"column":62}},"23":{"start":{"line":42,"column":4},"end":{"line":42,"column":48}},"24":{"start":{"line":43,"column":4},"end":{"line":45,"column":7}},"25":{"start":{"line":44,"column":6},"end":{"line":44,"column":35}},"26":{"start":{"line":46,"column":4},"end":{"line":46,"column":50}},"27":{"start":{"line":48,"column":4},"end":{"line":48,"column":46}},"28":{"start":{"line":52,"column":23},"end":{"line":52,"column":55}},"29":{"start":{"line":53,"column":26},"end":{"line":53,"column":65}},"30":{"start":{"line":54,"column":17},"end":{"line":54,"column":57}},"31":{"start":{"line":55,"column":25},"end":{"line":55,"column":65}},"32":{"start":{"line":57,"column":4},"end":{"line":57,"column":38}},"33":{"start":{"line":58,"column":18},"end":{"line":58,"column":84}},"34":{"start":{"line":60,"column":4},"end":{"line":60,"column":44}},"35":{"start":{"line":62,"column":4},"end":{"line":62,"column":67}},"36":{"start":{"line":63,"column":4},"end":{"line":63,"column":64}},"37":{"start":{"line":65,"column":4},"end":{"line":69,"column":7}},"38":{"start":{"line":66,"column":6},"end":{"line":66,"column":25}},"39":{"start":{"line":67,"column":6},"end":{"line":67,"column":48}},"40":{"start":{"line":68,"column":6},"end":{"line":68,"column":35}},"41":{"start":{"line":73,"column":21},"end":{"line":73,"column":34}},"42":{"start":{"line":74,"column":17},"end":{"line":74,"column":36}},"43":{"start":{"line":75,"column":24},"end":{"line":75,"column":50}},"44":{"start":{"line":76,"column":18},"end":{"line":76,"column":58}},"45":{"start":{"line":78,"column":23},"end":{"line":78,"column":63}},"46":{"start":{"line":79,"column":22},"end":{"line":83,"column":6}},"47":{"start":{"line":80,"column":6},"end":{"line":82,"column":7}},"48":{"start":{"line":81,"column":8},"end":{"line":81,"column":26}},"49":{"start":{"line":85,"column":24},"end":{"line":98,"column":5}},"50":{"start":{"line":91,"column":8},"end":{"line":96,"column":10}},"51":{"start":{"line":99,"column":4},"end":{"line":99,"column":88}},"52":{"start":{"line":103,"column":4},"end":{"line":109,"column":5}},"53":{"start":{"line":104,"column":20},"end":{"line":107,"column":8}},"54":{"start":{"line":105,"column":8},"end":{"line":105,"column":54}},"55":{"start":{"line":105,"column":31},"end":{"line":105,"column":53}},"56":{"start":{"line":106,"column":8},"end":{"line":106,"column":45}},"57":{"start":{"line":108,"column":6},"end":{"line":108,"column":19}},"58":{"start":{"line":113,"column":0},"end":{"line":115,"column":2}},"59":{"start":{"line":114,"column":2},"end":{"line":114,"column":50}}},"fnMap":{"0":{"name":"(anonymous_0)","decl":{"start":{"line":5,"column":2},"end":{"line":5,"column":3}},"loc":{"start":{"line":5,"column":31},"end":{"line":7,"column":3}},"line":5},"1":{"name":"(anonymous_1)","decl":{"start":{"line":9,"column":2},"end":{"line":9,"column":3}},"loc":{"start":{"line":9,"column":34},"end":{"line":16,"column":3}},"line":9},"2":{"name":"(anonymous_2)","decl":{"start":{"line":11,"column":18},"end":{"line":11,"column":19}},"loc":{"start":{"line":11,"column":28},"end":{"line":15,"column":5}},"line":11},"3":{"name":"(anonymous_3)","decl":{"start":{"line":18,"column":2},"end":{"line":18,"column":3}},"loc":{"start":{"line":18,"column":24},"end":{"line":21,"column":3}},"line":18},"4":{"name":"(anonymous_4)","decl":{"start":{"line":23,"column":2},"end":{"line":23,"column":3}},"loc":{"start":{"line":23,"column":20},"end":{"line":49,"column":3}},"line":23},"5":{"name":"(anonymous_5)","decl":{"start":{"line":43,"column":48},"end":{"line":43,"column":49}},"loc":{"start":{"line":43,"column":55},"end":{"line":45,"column":5}},"line":43},"6":{"name":"(anonymous_6)","decl":{"start":{"line":51,"column":2},"end":{"line":51,"column":3}},"loc":{"start":{"line":51,"column":10},"end":{"line":70,"column":3}},"line":51},"7":{"name":"(anonymous_7)","decl":{"start":{"line":65,"column":36},"end":{"line":65,"column":37}},"loc":{"start":{"line":65,"column":43},"end":{"line":69,"column":5}},"line":65},"8":{"name":"(anonymous_8)","decl":{"start":{"line":67,"column":38},"end":{"line":67,"column":39}},"loc":{"start":{"line":67,"column":44},"end":{"line":67,"column":46}},"line":67},"9":{"name":"(anonymous_9)","decl":{"start":{"line":72,"column":2},"end":{"line":72,"column":3}},"loc":{"start":{"line":72,"column":30},"end":{"line":100,"column":3}},"line":72},"10":{"name":"(anonymous_10)","decl":{"start":{"line":79,"column":42},"end":{"line":79,"column":43}},"loc":{"start":{"line":79,"column":52},"end":{"line":83,"column":5}},"line":79},"11":{"name":"(anonymous_11)","decl":{"start":{"line":90,"column":27},"end":{"line":90,"column":28}},"loc":{"start":{"line":90,"column":37},"end":{"line":97,"column":7}},"line":90},"12":{"name":"(anonymous_12)","decl":{"start":{"line":102,"column":2},"end":{"line":102,"column":3}},"loc":{"start":{"line":102,"column":57},"end":{"line":110,"column":3}},"line":102},"13":{"name":"(anonymous_13)","decl":{"start":{"line":104,"column":38},"end":{"line":104,"column":39}},"loc":{"start":{"line":104,"column":51},"end":{"line":107,"column":7}},"line":104},"14":{"name":"(anonymous_14)","decl":{"start":{"line":105,"column":24},"end":{"line":105,"column":25}},"loc":{"start":{"line":105,"column":31},"end":{"line":105,"column":53}},"line":105},"15":{"name":"(anonymous_15)","decl":{"start":{"line":113,"column":16},"end":{"line":113,"column":17}},"loc":{"start":{"line":113,"column":22},"end":{"line":115,"column":1}},"line":113}},"branchMap":{"0":{"loc":{"start":{"line":80,"column":6},"end":{"line":82,"column":7}},"type":"if","locations":[{"start":{"line":80,"column":6},"end":{"line":82,"column":7}},{"start":{},"end":{}}],"line":80},"1":{"loc":{"start":{"line":102,"column":30},"end":{"line":102,"column":55}},"type":"default-arg","locations":[{"start":{"line":102,"column":39},"end":{"line":102,"column":55}}],"line":102},"2":{"loc":{"start":{"line":103,"column":4},"end":{"line":109,"column":5}},"type":"if","locations":[{"start":{"line":103,"column":4},"end":{"line":109,"column":5}},{"start":{},"end":{}}],"line":103},"3":{"loc":{"start":{"line":103,"column":8},"end":{"line":103,"column":46}},"type":"binary-expr","locations":[{"start":{"line":103,"column":8},"end":{"line":103,"column":13}},{"start":{"line":103,"column":17},"end":{"line":103,"column":28}},{"start":{"line":103,"column":32},"end":{"line":103,"column":46}}],"line":103}},"s":{"0":16,"1":6,"2":6,"3":30,"4":30,"5":30,"6":1,"7":1,"8":4,"9":4,"10":4,"11":4,"12":4,"13":4,"14":4,"15":4,"16":4,"17":4,"18":4,"19":4,"20":4,"21":4,"22":4,"23":4,"24":4,"25":1,"26":4,"27":4,"28":6,"29":6,"30":6,"31":6,"32":6,"33":6,"34":6,"35":6,"36":6,"37":6,"38":2,"39":2,"40":2,"41":3,"42":3,"43":2,"44":2,"45":2,"46":2,"47":2,"48":1,"49":2,"50":2,"51":2,"52":3,"53":2,"54":2,"55":2,"56":2,"57":2,"58":1,"59":1},"f":{"0":16,"1":6,"2":30,"3":1,"4":4,"5":1,"6":6,"7":2,"8":1,"9":3,"10":2,"11":2,"12":3,"13":2,"14":2,"15":1},"b":{"0":[1,1],"1":[3],"2":[2,1],"3":[3,2,2]},"_coverageSchema":"1a1c01bbd47fc00a2c39e90264f33305004495a9","hash":"59f0ebce61d2a55e2b2e216429da13b94faa8310"}
,"C:\\Users\\gab_l\\UNI WORK\\SESSION AUTOMNE 2022\\Web\\TP\\tp3-2054294_2141469_2151584\\site-web\\src\\assets\\js\\storageManager.js": {"path":"C:\\Users\\gab_l\\UNI WORK\\SESSION AUTOMNE 2022\\Web\\TP\\tp3-2054294_2141469_2151584\\site-web\\src\\assets\\js\\storageManager.js","statementMap":{"0":{"start":{"line":5,"column":22},"end":{"line":5,"column":29}},"1":{"start":{"line":6,"column":26},"end":{"line":6,"column":36}},"2":{"start":{"line":9,"column":4},"end":{"line":9,"column":57}},"3":{"start":{"line":10,"column":4},"end":{"line":10,"column":65}},"4":{"start":{"line":14,"column":4},"end":{"line":16,"column":5}},"5":{"start":{"line":15,"column":6},"end":{"line":15,"column":68}},"6":{"start":{"line":20,"column":4},"end":{"line":20,"column":56}},"7":{"start":{"line":24,"column":4},"end":{"line":24,"column":67}},"8":{"start":{"line":24,"column":51},"end":{"line":24,"column":65}},"9":{"start":{"line":28,"column":22},"end":{"line":28,"column":66}},"10":{"start":{"line":29,"column":4},"end":{"line":29,"column":28}},"11":{"start":{"line":30,"column":4},"end":{"line":30,"column":64}},"12":{"start":{"line":34,"column":22},"end":{"line":34,"column":66}},"13":{"start":{"line":35,"column":20},"end":{"line":37,"column":6}},"14":{"start":{"line":36,"column":6},"end":{"line":36,"column":53}},"15":{"start":{"line":38,"column":4},"end":{"line":38,"column":62}},"16":{"start":{"line":42,"column":20},"end":{"line":44,"column":5}},"17":{"start":{"line":43,"column":19},"end":{"line":43,"column":47}},"18":{"start":{"line":45,"column":15},"end":{"line":45,"column":40}},"19":{"start":{"line":46,"column":4},"end":{"line":46,"column":14}},"20":{"start":{"line":50,"column":4},"end":{"line":50,"column":25}}},"fnMap":{"0":{"name":"(anonymous_0)","decl":{"start":{"line":8,"column":2},"end":{"line":8,"column":3}},"loc":{"start":{"line":8,"column":17},"end":{"line":11,"column":3}},"line":8},"1":{"name":"(anonymous_1)","decl":{"start":{"line":13,"column":2},"end":{"line":13,"column":3}},"loc":{"start":{"line":13,"column":50},"end":{"line":17,"column":3}},"line":13},"2":{"name":"(anonymous_2)","decl":{"start":{"line":19,"column":2},"end":{"line":19,"column":3}},"loc":{"start":{"line":19,"column":23},"end":{"line":21,"column":3}},"line":19},"3":{"name":"(anonymous_3)","decl":{"start":{"line":23,"column":2},"end":{"line":23,"column":3}},"loc":{"start":{"line":23,"column":31},"end":{"line":25,"column":3}},"line":23},"4":{"name":"(anonymous_4)","decl":{"start":{"line":24,"column":41},"end":{"line":24,"column":42}},"loc":{"start":{"line":24,"column":51},"end":{"line":24,"column":65}},"line":24},"5":{"name":"(anonymous_5)","decl":{"start":{"line":27,"column":2},"end":{"line":27,"column":3}},"loc":{"start":{"line":27,"column":32},"end":{"line":31,"column":3}},"line":27},"6":{"name":"(anonymous_6)","decl":{"start":{"line":33,"column":2},"end":{"line":33,"column":3}},"loc":{"start":{"line":33,"column":36},"end":{"line":39,"column":3}},"line":33},"7":{"name":"(anonymous_7)","decl":{"start":{"line":35,"column":34},"end":{"line":35,"column":35}},"loc":{"start":{"line":35,"column":44},"end":{"line":37,"column":5}},"line":35},"8":{"name":"(anonymous_8)","decl":{"start":{"line":41,"column":2},"end":{"line":41,"column":3}},"loc":{"start":{"line":41,"column":42},"end":{"line":47,"column":3}},"line":41},"9":{"name":"(anonymous_9)","decl":{"start":{"line":43,"column":6},"end":{"line":43,"column":7}},"loc":{"start":{"line":43,"column":19},"end":{"line":43,"column":47}},"line":43},"10":{"name":"(anonymous_10)","decl":{"start":{"line":49,"column":2},"end":{"line":49,"column":3}},"loc":{"start":{"line":49,"column":18},"end":{"line":51,"column":3}},"line":49}},"branchMap":{"0":{"loc":{"start":{"line":13,"column":32},"end":{"line":13,"column":48}},"type":"default-arg","locations":[{"start":{"line":13,"column":46},"end":{"line":13,"column":48}}],"line":13},"1":{"loc":{"start":{"line":14,"column":4},"end":{"line":16,"column":5}},"type":"if","locations":[{"start":{"line":14,"column":4},"end":{"line":16,"column":5}},{"start":{},"end":{}}],"line":14},"2":{"loc":{"start":{"line":36,"column":13},"end":{"line":36,"column":52}},"type":"cond-expr","locations":[{"start":{"line":36,"column":38},"end":{"line":36,"column":45}},{"start":{"line":36,"column":48},"end":{"line":36,"column":52}}],"line":36},"3":{"loc":{"start":{"line":45,"column":15},"end":{"line":45,"column":40}},"type":"cond-expr","locations":[{"start":{"line":45,"column":25},"end":{"line":45,"column":35}},{"start":{"line":45,"column":38},"end":{"line":45,"column":40}}],"line":45}},"s":{"0":82,"1":82,"2":10,"3":10,"4":20,"5":7,"6":11,"7":2,"8":1,"9":1,"10":1,"11":1,"12":5,"13":5,"14":12,"15":5,"16":3,"17":2,"18":3,"19":3,"20":1},"f":{"0":10,"1":20,"2":11,"3":2,"4":1,"5":1,"6":5,"7":12,"8":3,"9":2,"10":1},"b":{"0":[1],"1":[7,13],"2":[3,9],"3":[1,2]},"_coverageSchema":"1a1c01bbd47fc00a2c39e90264f33305004495a9","hash":"46729d6f9cf0aca663a7ab3b782d2753661bcbb6"}
,"C:\\Users\\gab_l\\UNI WORK\\SESSION AUTOMNE 2022\\Web\\TP\\tp3-2054294_2141469_2151584\\site-web\\src\\assets\\js\\utils.js": {"path":"C:\\Users\\gab_l\\UNI WORK\\SESSION AUTOMNE 2022\\Web\\TP\\tp3-2054294_2141469_2151584\\site-web\\src\\assets\\js\\utils.js","statementMap":{"0":{"start":{"line":4,"column":16},"end":{"line":4,"column":40}},"1":{"start":{"line":5,"column":2},"end":{"line":5,"column":52}},"2":{"start":{"line":6,"column":2},"end":{"line":6,"column":37}},"3":{"start":{"line":7,"column":2},"end":{"line":7,"column":52}},"4":{"start":{"line":8,"column":2},"end":{"line":8,"column":33}},"5":{"start":{"line":12,"column":2},"end":{"line":12,"column":27}},"6":{"start":{"line":16,"column":14},"end":{"line":16,"column":26}},"7":{"start":{"line":17,"column":15},"end":{"line":17,"column":17}},"8":{"start":{"line":18,"column":2},"end":{"line":20,"column":3}},"9":{"start":{"line":18,"column":15},"end":{"line":18,"column":16}},"10":{"start":{"line":19,"column":4},"end":{"line":19,"column":65}},"11":{"start":{"line":21,"column":2},"end":{"line":21,"column":16}},"12":{"start":{"line":25,"column":2},"end":{"line":25,"column":55}}},"fnMap":{"0":{"name":"formatTime","decl":{"start":{"line":3,"column":16},"end":{"line":3,"column":26}},"loc":{"start":{"line":3,"column":37},"end":{"line":9,"column":1}},"line":3},"1":{"name":"modulo","decl":{"start":{"line":11,"column":16},"end":{"line":11,"column":22}},"loc":{"start":{"line":11,"column":30},"end":{"line":13,"column":1}},"line":11},"2":{"name":"generateRandomID","decl":{"start":{"line":15,"column":16},"end":{"line":15,"column":32}},"loc":{"start":{"line":15,"column":44},"end":{"line":22,"column":1}},"line":15},"3":{"name":"random","decl":{"start":{"line":24,"column":16},"end":{"line":24,"column":22}},"loc":{"start":{"line":24,"column":34},"end":{"line":26,"column":1}},"line":24}},"branchMap":{"0":{"loc":{"start":{"line":5,"column":12},"end":{"line":5,"column":51}},"type":"cond-expr","locations":[{"start":{"line":5,"column":28},"end":{"line":5,"column":35}},{"start":{"line":5,"column":38},"end":{"line":5,"column":51}}],"line":5},"1":{"loc":{"start":{"line":7,"column":12},"end":{"line":7,"column":51}},"type":"cond-expr","locations":[{"start":{"line":7,"column":28},"end":{"line":7,"column":35}},{"start":{"line":7,"column":38},"end":{"line":7,"column":51}}],"line":7},"2":{"loc":{"start":{"line":15,"column":34},"end":{"line":15,"column":42}},"type":"default-arg","locations":[{"start":{"line":15,"column":40},"end":{"line":15,"column":42}}],"line":15}},"s":{"0":9,"1":9,"2":9,"3":9,"4":9,"5":10,"6":9,"7":9,"8":9,"9":9,"10":1290,"11":9,"12":310},"f":{"0":9,"1":10,"2":9,"3":310},"b":{"0":[3,6],"1":[4,5],"2":[3]},"_coverageSchema":"1a1c01bbd47fc00a2c39e90264f33305004495a9","hash":"f5c1353c122ad3ddad353f46dffec989713635d8"}
}
