TN:
SF:src\assets\js\consts.js
FNF:0
FNH:0
DA:1,2
DA:2,2
DA:4,2
LF:3
LH:3
BRF:0
BRH:0
end_of_record
TN:
SF:src\assets\js\library.js
FN:4,(anonymous_0)
FN:8,(anonymous_1)
FN:11,(anonymous_2)
FN:18,(anonymous_3)
FN:24,(anonymous_4)
FN:52,(anonymous_5)
FN:71,(anonymous_6)
FN:81,(anonymous_7)
FN:88,(anonymous_8)
FN:98,(anonymous_9)
FN:104,(anonymous_10)
FN:113,(anonymous_11)
FN:116,(anonymous_12)
FN:121,(anonymous_13)
FN:130,(anonymous_14)
FNF:15
FNH:14
FNDA:18,(anonymous_0)
FNDA:4,(anonymous_1)
FNDA:6,(anonymous_2)
FNDA:10,(anonymous_3)
FNDA:4,(anonymous_4)
FNDA:7,(anonymous_5)
FNDA:2,(anonymous_6)
FNDA:4,(anonymous_7)
FNDA:2,(anonymous_8)
FNDA:9,(anonymous_9)
FNDA:3,(anonymous_10)
FNDA:3,(anonymous_11)
FNDA:6,(anonymous_12)
FNDA:3,(anonymous_13)
FNDA:0,(anonymous_14)
DA:5,18
DA:9,4
DA:10,4
DA:11,4
DA:12,6
DA:13,6
DA:16,4
DA:17,4
DA:18,4
DA:19,10
DA:20,10
DA:25,4
DA:26,4
DA:27,4
DA:29,4
DA:30,4
DA:31,4
DA:33,4
DA:34,4
DA:35,4
DA:37,4
DA:38,4
DA:39,4
DA:41,4
DA:42,4
DA:43,4
DA:45,4
DA:46,4
DA:47,4
DA:49,4
DA:52,18
DA:53,7
DA:54,7
DA:56,7
DA:57,7
DA:58,7
DA:60,7
DA:61,7
DA:62,7
DA:64,7
DA:65,7
DA:66,7
DA:68,7
DA:69,7
DA:71,7
DA:72,2
DA:73,2
DA:74,2
DA:76,7
DA:78,7
DA:82,4
DA:83,4
DA:84,4
DA:85,4
DA:87,4
DA:88,4
DA:89,2
DA:90,2
DA:99,9
DA:100,9
DA:101,9
DA:105,3
DA:106,6
DA:107,2
DA:110,1
DA:114,3
DA:115,3
DA:116,3
DA:117,6
DA:118,4
DA:121,3
DA:122,3
DA:123,2
DA:126,3
DA:130,1
DA:131,0
LF:76
LH:75
BRDA:69,0,0,2
BRDA:69,0,1,5
BRDA:72,1,0,1
BRDA:72,1,1,1
BRDA:72,2,0,1
BRDA:72,2,1,1
BRDA:99,3,0,2
BRDA:99,3,1,7
BRDA:100,4,0,2
BRDA:100,4,1,7
BRDA:106,5,0,2
BRDA:106,5,1,4
BRDA:117,6,0,4
BRDA:117,6,1,2
BRDA:122,7,0,2
BRDA:122,7,1,1
BRF:16
BRH:16
end_of_record
TN:
SF:src\assets\js\player.js
FN:3,(anonymous_0)
FN:10,(anonymous_1)
FN:15,(anonymous_2)
FN:22,(anonymous_3)
FN:33,(anonymous_4)
FN:40,(anonymous_5)
FN:47,(anonymous_6)
FN:52,(anonymous_7)
FN:58,(anonymous_8)
FN:63,(anonymous_9)
FN:68,(anonymous_10)
FNF:11
FNH:11
FNDA:51,(anonymous_0)
FNDA:7,(anonymous_1)
FNDA:13,(anonymous_2)
FNDA:12,(anonymous_3)
FNDA:103,(anonymous_4)
FNDA:103,(anonymous_5)
FNDA:10,(anonymous_6)
FNDA:3,(anonymous_7)
FNDA:1,(anonymous_8)
FNDA:10,(anonymous_9)
FNDA:5,(anonymous_10)
DA:4,51
DA:5,51
DA:6,51
DA:7,51
DA:11,7
DA:12,7
DA:16,13
DA:17,7
DA:19,13
DA:23,12
DA:24,2
DA:25,2
DA:27,10
DA:28,10
DA:29,10
DA:30,10
DA:34,103
DA:37,103
DA:41,103
DA:44,103
DA:48,10
DA:49,10
DA:53,3
DA:54,3
DA:55,3
DA:59,1
DA:60,1
DA:64,10
DA:65,10
DA:69,5
LF:30
LH:30
BRDA:16,0,0,7
BRDA:16,0,1,6
BRDA:16,1,0,13
BRDA:16,1,1,9
BRDA:22,2,0,2
BRDA:23,3,0,2
BRDA:23,3,1,10
BRDA:24,4,0,1
BRDA:24,4,1,1
BRDA:34,5,0,100
BRDA:34,5,1,3
BRDA:41,6,0,100
BRDA:41,6,1,3
BRDA:54,7,0,1
BRDA:54,7,1,2
BRF:15
BRH:15
end_of_record
TN:
SF:src\assets\js\playlist.js
FN:7,(anonymous_0)
FN:13,(anonymous_1)
FN:24,(anonymous_2)
FN:25,(anonymous_3)
FN:30,(anonymous_4)
FN:38,(anonymous_5)
FN:41,(anonymous_6)
FN:71,(anonymous_7)
FN:82,(anonymous_8)
FN:87,(anonymous_9)
FN:92,(anonymous_10)
FN:97,(anonymous_11)
FN:107,(anonymous_12)
FN:111,(anonymous_13)
FN:118,(anonymous_14)
FN:124,(anonymous_15)
FN:128,(anonymous_16)
FN:132,(anonymous_17)
FN:136,(anonymous_18)
FN:140,(anonymous_19)
FN:145,(anonymous_20)
FN:150,(anonymous_21)
FN:155,(anonymous_22)
FN:160,(anonymous_23)
FN:165,(anonymous_24)
FN:170,(anonymous_25)
FN:171,(anonymous_26)
FN:172,(anonymous_27)
FN:173,(anonymous_28)
FN:174,(anonymous_29)
FN:175,(anonymous_30)
FN:176,(anonymous_31)
FN:178,(anonymous_32)
FN:185,(anonymous_33)
FN:195,(anonymous_34)
FNF:35
FNH:34
FNDA:31,(anonymous_0)
FNDA:3,(anonymous_1)
FNDA:2,(anonymous_2)
FNDA:3,(anonymous_3)
FNDA:2,(anonymous_4)
FNDA:3,(anonymous_5)
FNDA:1,(anonymous_6)
FNDA:3,(anonymous_7)
FNDA:1,(anonymous_8)
FNDA:1,(anonymous_9)
FNDA:1,(anonymous_10)
FNDA:2,(anonymous_11)
FNDA:1,(anonymous_12)
FNDA:4,(anonymous_13)
FNDA:3,(anonymous_14)
FNDA:1,(anonymous_15)
FNDA:7,(anonymous_16)
FNDA:1,(anonymous_17)
FNDA:1,(anonymous_18)
FNDA:1,(anonymous_19)
FNDA:1,(anonymous_20)
FNDA:1,(anonymous_21)
FNDA:1,(anonymous_22)
FNDA:1,(anonymous_23)
FNDA:1,(anonymous_24)
FNDA:3,(anonymous_25)
FNDA:1,(anonymous_26)
FNDA:1,(anonymous_27)
FNDA:1,(anonymous_28)
FNDA:1,(anonymous_29)
FNDA:1,(anonymous_30)
FNDA:3,(anonymous_31)
FNDA:5,(anonymous_32)
FNDA:1,(anonymous_33)
FNDA:0,(anonymous_34)
DA:8,31
DA:9,31
DA:10,31
DA:14,3
DA:18,3
DA:20,1
DA:21,1
DA:23,1
DA:24,1
DA:25,3
DA:28,1
DA:29,1
DA:30,1
DA:31,2
DA:32,2
DA:35,1
DA:39,3
DA:40,3
DA:41,3
DA:42,1
DA:43,1
DA:46,3
DA:47,3
DA:48,3
DA:50,3
DA:51,3
DA:52,3
DA:54,3
DA:55,3
DA:56,3
DA:58,3
DA:59,3
DA:60,3
DA:62,3
DA:63,3
DA:64,3
DA:68,3
DA:72,3
DA:73,3
DA:74,3
DA:76,3
DA:77,3
DA:83,1
DA:84,1
DA:88,1
DA:89,1
DA:93,1
DA:94,1
DA:99,2
DA:100,2
DA:101,2
DA:102,2
DA:103,1
DA:108,1
DA:112,4
DA:113,4
DA:114,4
DA:115,4
DA:119,3
DA:120,3
DA:121,2
DA:125,1
DA:129,7
DA:130,7
DA:131,7
DA:132,7
DA:133,1
DA:136,7
DA:137,1
DA:140,7
DA:141,1
DA:144,7
DA:145,7
DA:146,1
DA:149,7
DA:150,7
DA:151,1
DA:154,7
DA:155,7
DA:156,1
DA:159,7
DA:160,7
DA:161,1
DA:164,7
DA:165,7
DA:166,1
DA:171,3
DA:172,3
DA:173,3
DA:174,3
DA:175,3
DA:176,3
DA:178,3
DA:179,5
DA:180,3
DA:186,1
DA:187,1
DA:188,1
DA:189,1
DA:190,1
DA:191,1
DA:195,1
DA:196,0
LF:103
LH:102
BRDA:18,0,0,2
BRDA:18,0,1,1
BRDA:65,1,0,2
BRDA:65,1,1,1
BRDA:76,2,0,2
BRDA:76,2,1,1
BRDA:78,3,0,2
BRDA:78,3,1,1
BRDA:102,4,0,1
BRDA:102,4,1,1
BRDA:114,5,0,1
BRDA:114,5,1,3
BRDA:115,6,0,1
BRDA:115,6,1,3
BRDA:120,7,0,1
BRDA:120,7,1,2
BRDA:179,8,0,3
BRDA:179,8,1,2
BRF:18
BRH:18
end_of_record
TN:
SF:src\assets\js\playlist_editor.js
FN:5,(anonymous_0)
FN:9,(anonymous_1)
FN:11,(anonymous_2)
FN:18,(anonymous_3)
FN:23,(anonymous_4)
FN:43,(anonymous_5)
FN:51,(anonymous_6)
FN:65,(anonymous_7)
FN:67,(anonymous_8)
FN:72,(anonymous_9)
FN:79,(anonymous_10)
FN:90,(anonymous_11)
FN:102,(anonymous_12)
FN:104,(anonymous_13)
FN:105,(anonymous_14)
FN:113,(anonymous_15)
FNF:16
FNH:16
FNDA:16,(anonymous_0)
FNDA:6,(anonymous_1)
FNDA:30,(anonymous_2)
FNDA:1,(anonymous_3)
FNDA:4,(anonymous_4)
FNDA:1,(anonymous_5)
FNDA:6,(anonymous_6)
FNDA:2,(anonymous_7)
FNDA:1,(anonymous_8)
FNDA:3,(anonymous_9)
FNDA:2,(anonymous_10)
FNDA:2,(anonymous_11)
FNDA:3,(anonymous_12)
FNDA:2,(anonymous_13)
FNDA:2,(anonymous_14)
FNDA:1,(anonymous_15)
DA:6,16
DA:10,6
DA:11,6
DA:12,30
DA:13,30
DA:14,30
DA:19,1
DA:20,1
DA:24,4
DA:25,4
DA:26,4
DA:28,4
DA:29,4
DA:30,4
DA:31,4
DA:32,4
DA:34,4
DA:35,4
DA:36,4
DA:37,4
DA:38,4
DA:39,4
DA:41,4
DA:42,4
DA:43,4
DA:44,1
DA:46,4
DA:48,4
DA:52,6
DA:53,6
DA:54,6
DA:55,6
DA:57,6
DA:58,6
DA:60,6
DA:62,6
DA:63,6
DA:65,6
DA:66,2
DA:67,2
DA:68,2
DA:73,3
DA:74,3
DA:75,2
DA:76,2
DA:78,2
DA:79,2
DA:80,2
DA:81,1
DA:85,2
DA:91,2
DA:99,2
DA:103,3
DA:104,2
DA:105,2
DA:106,2
DA:108,2
DA:113,1
DA:114,1
LF:59
LH:59
BRDA:80,0,0,1
BRDA:80,0,1,1
BRDA:102,1,0,3
BRDA:103,2,0,2
BRDA:103,2,1,1
BRDA:103,3,0,3
BRDA:103,3,1,2
BRDA:103,3,2,2
BRF:8
BRH:8
end_of_record
TN:
SF:src\assets\js\storageManager.js
FN:8,(anonymous_0)
FN:13,(anonymous_1)
FN:19,(anonymous_2)
FN:23,(anonymous_3)
FN:24,(anonymous_4)
FN:27,(anonymous_5)
FN:33,(anonymous_6)
FN:35,(anonymous_7)
FN:41,(anonymous_8)
FN:43,(anonymous_9)
FN:49,(anonymous_10)
FNF:11
FNH:11
FNDA:10,(anonymous_0)
FNDA:20,(anonymous_1)
FNDA:11,(anonymous_2)
FNDA:2,(anonymous_3)
FNDA:1,(anonymous_4)
FNDA:1,(anonymous_5)
FNDA:5,(anonymous_6)
FNDA:12,(anonymous_7)
FNDA:3,(anonymous_8)
FNDA:2,(anonymous_9)
FNDA:1,(anonymous_10)
DA:5,82
DA:6,82
DA:9,10
DA:10,10
DA:14,20
DA:15,7
DA:20,11
DA:24,2
DA:28,1
DA:29,1
DA:30,1
DA:34,5
DA:35,5
DA:36,12
DA:38,5
DA:42,3
DA:43,2
DA:45,3
DA:46,3
DA:50,1
LF:20
LH:20
BRDA:13,0,0,1
BRDA:14,1,0,7
BRDA:14,1,1,13
BRDA:36,2,0,3
BRDA:36,2,1,9
BRDA:45,3,0,1
BRDA:45,3,1,2
BRF:7
BRH:7
end_of_record
TN:
SF:src\assets\js\utils.js
FN:3,formatTime
FN:11,modulo
FN:15,generateRandomID
FN:24,random
FNF:4
FNH:4
FNDA:9,formatTime
FNDA:10,modulo
FNDA:9,generateRandomID
FNDA:310,random
DA:4,9
DA:5,9
DA:6,9
DA:7,9
DA:8,9
DA:12,10
DA:16,9
DA:17,9
DA:18,9
DA:19,1290
DA:21,9
DA:25,310
LF:12
LH:12
BRDA:5,0,0,3
BRDA:5,0,1,6
BRDA:7,1,0,4
BRDA:7,1,1,5
BRDA:15,2,0,3
BRF:5
BRH:5
end_of_record
